# JRE version: Java(TM) SE Runtime Environment (8.0_102-b14) (build 1.8.0_102-b14)
# Java VM: Java HotSpot(TM) 64-Bit Server VM (25.102-b14 mixed mode linux-amd64 compressed oops)
Heap:
 PSYoungGen      total 465920K, used 387785K [0x00000000d5580000, 0x0000000100000000, 0x0000000100000000)
  eden space 232960K, 100% used [0x00000000d5580000,0x00000000e3900000,0x00000000e3900000)
  from space 232960K, 66% used [0x00000000f1c80000,0x00000000fb3b2670,0x0000000100000000)
  to   space 232960K, 25% used [0x00000000e3900000,0x00000000e7224d30,0x00000000f1c80000)
 ParOldGen       total 1072128K, used 981366K [0x0000000080000000, 0x00000000c1700000, 0x00000000d5580000)
  object space 1072128K, 91% used [0x0000000080000000,0x00000000bbe5d830,0x00000000c1700000)
 Metaspace       used 6983K, capacity 7608K, committed 7936K, reserved 1056768K
  class space    used 637K, capacity 688K, committed 768K, reserved 1048576K
GC Heap History (10 events):
Event: 43.277 GC heap after
Heap after GC invocations=32 (full 4):
 PSYoungGen      total 434176K, used 69015K [0x00000000d5580000, 0x00000000fe100000, 0x0000000100000000)
  eden space 232960K, 0% used [0x00000000d5580000,0x00000000d5580000,0x00000000e3900000)
  from space 201216K, 34% used [0x00000000f1c80000,0x00000000f5fe5c58,0x00000000fe100000)
  to   space 217088K, 0% used [0x00000000e3900000,0x00000000e3900000,0x00000000f0d00000)
 ParOldGen       total 1072128K, used 869804K [0x0000000080000000, 0x00000000c1700000, 0x00000000d5580000)
  object space 1072128K, 81% used [0x0000000080000000,0x00000000b516b350,0x00000000c1700000)
 Metaspace       used 6716K, capacity 7384K, committed 7680K, reserved 1056768K
  class space    used 623K, capacity 656K, committed 768K, reserved 1048576K
}
Event: 43.780 GC heap before
{Heap before GC invocations=33 (full 4):
 PSYoungGen      total 434176K, used 301975K [0x00000000d5580000, 0x00000000fe100000, 0x0000000100000000)
  eden space 232960K, 100% used [0x00000000d5580000,0x00000000e3900000,0x00000000e3900000)
  from space 201216K, 34% used [0x00000000f1c80000,0x00000000f5fe5c58,0x00000000fe100000)
  to   space 217088K, 0% used [0x00000000e3900000,0x00000000e3900000,0x00000000f0d00000)
 ParOldGen       total 1072128K, used 869804K [0x0000000080000000, 0x00000000c1700000, 0x00000000d5580000)
  object space 1072128K, 81% used [0x0000000080000000,0x00000000b516b350,0x00000000c1700000)
 Metaspace       used 6735K, capacity 7384K, committed 7680K, reserved 1056768K
  class space    used 624K, capacity 656K, committed 768K, reserved 1048576K
Event: 43.966 GC heap after
Heap after GC invocations=33 (full 4):
 PSYoungGen      total 450048K, used 104882K [0x00000000d5580000, 0x00000000ffb80000, 0x0000000100000000)
  eden space 232960K, 0% used [0x00000000d5580000,0x00000000d5580000,0x00000000e3900000)
  from space 217088K, 48% used [0x00000000e3900000,0x00000000e9f6c800,0x00000000f0d00000)
  to   space 215040K, 0% used [0x00000000f2980000,0x00000000f2980000,0x00000000ffb80000)
 ParOldGen       total 1072128K, used 869804K [0x0000000080000000, 0x00000000c1700000, 0x00000000d5580000)
  object space 1072128K, 81% used [0x0000000080000000,0x00000000b516b350,0x00000000c1700000)
 Metaspace       used 6735K, capacity 7384K, committed 7680K, reserved 1056768K
  class space    used 624K, capacity 656K, committed 768K, reserved 1048576K
}
Event: 44.673 GC heap before
{Heap before GC invocations=34 (full 4):
 PSYoungGen      total 450048K, used 337842K [0x00000000d5580000, 0x00000000ffb80000, 0x0000000100000000)
  eden space 232960K, 100% used [0x00000000d5580000,0x00000000e3900000,0x00000000e3900000)
  from space 217088K, 48% used [0x00000000e3900000,0x00000000e9f6c800,0x00000000f0d00000)
  to   space 215040K, 0% used [0x00000000f2980000,0x00000000f2980000,0x00000000ffb80000)
 ParOldGen       total 1072128K, used 869804K [0x0000000080000000, 0x00000000c1700000, 0x00000000d5580000)
  object space 1072128K, 81% used [0x0000000080000000,0x00000000b516b350,0x00000000c1700000)
 Metaspace       used 6923K, capacity 7608K, committed 7936K, reserved 1056768K
  class space    used 636K, capacity 688K, committed 768K, reserved 1048576K
Event: 44.880 GC heap after
Heap after GC invocations=34 (full 4):
 PSYoungGen      total 459264K, used 144989K [0x00000000d5580000, 0x0000000100000000, 0x0000000100000000)
  eden space 244224K, 0% used [0x00000000d5580000,0x00000000d5580000,0x00000000e4400000)
  from space 215040K, 67% used [0x00000000f2980000,0x00000000fb717750,0x00000000ffb80000)
  to   space 227328K, 0% used [0x00000000e4400000,0x00000000e4400000,0x00000000f2200000)
 ParOldGen       total 1072128K, used 869804K [0x0000000080000000, 0x00000000c1700000, 0x00000000d5580000)
  object space 1072128K, 81% used [0x0000000080000000,0x00000000b516b350,0x00000000c1700000)
 Metaspace       used 6923K, capacity 7608K, committed 7936K, reserved 1056768K
  class space    used 636K, capacity 688K, committed 768K, reserved 1048576K
}
Event: 45.654 GC heap before
{Heap before GC invocations=35 (full 4):
 PSYoungGen      total 459264K, used 389213K [0x00000000d5580000, 0x0000000100000000, 0x0000000100000000)
  eden space 244224K, 100% used [0x00000000d5580000,0x00000000e4400000,0x00000000e4400000)
  from space 215040K, 67% used [0x00000000f2980000,0x00000000fb717750,0x00000000ffb80000)
  to   space 227328K, 0% used [0x00000000e4400000,0x00000000e4400000,0x00000000f2200000)
 ParOldGen       total 1072128K, used 869804K [0x0000000080000000, 0x00000000c1700000, 0x00000000d5580000)
  object space 1072128K, 81% used [0x0000000080000000,0x00000000b516b350,0x00000000c1700000)
 Metaspace       used 6965K, capacity 7608K, committed 7936K, reserved 1056768K
  class space    used 636K, capacity 688K, committed 768K, reserved 1048576K
Event: 45.895 GC heap after
Heap after GC invocations=35 (full 4):
 PSYoungGen      total 431616K, used 187324K [0x00000000d5580000, 0x0000000100000000, 0x0000000100000000)
  eden space 244224K, 0% used [0x00000000d5580000,0x00000000d5580000,0x00000000e4400000)
  from space 187392K, 99% used [0x00000000e4400000,0x00000000efaef170,0x00000000efb00000)
  to   space 232960K, 0% used [0x00000000f1c80000,0x00000000f1c80000,0x0000000100000000)
 ParOldGen       total 1072128K, used 869812K [0x0000000080000000, 0x00000000c1700000, 0x00000000d5580000)
  object space 1072128K, 81% used [0x0000000080000000,0x00000000b516d350,0x00000000c1700000)
 Metaspace       used 6965K, capacity 7608K, committed 7936K, reserved 1056768K
  class space    used 636K, capacity 688K, committed 768K, reserved 1048576K
}
Event: 46.383 GC heap before
{Heap before GC invocations=36 (full 4):
 PSYoungGen      total 431616K, used 431548K [0x00000000d5580000, 0x0000000100000000, 0x0000000100000000)
  eden space 244224K, 100% used [0x00000000d5580000,0x00000000e4400000,0x00000000e4400000)
  from space 187392K, 99% used [0x00000000e4400000,0x00000000efaef170,0x00000000efb00000)
  to   space 232960K, 0% used [0x00000000f1c80000,0x00000000f1c80000,0x0000000100000000)
 ParOldGen       total 1072128K, used 869812K [0x0000000080000000, 0x00000000c1700000, 0x00000000d5580000)
  object space 1072128K, 81% used [0x0000000080000000,0x00000000b516d350,0x00000000c1700000)
 Metaspace       used 6981K, capacity 7608K, committed 7936K, reserved 1056768K
  class space    used 637K, capacity 688K, committed 768K, reserved 1048576K
Event: 46.644 GC heap after
Heap after GC invocations=36 (full 4):
 PSYoungGen      total 465920K, used 154825K [0x00000000d5580000, 0x0000000100000000, 0x0000000100000000)
  eden space 232960K, 0% used [0x00000000d5580000,0x00000000d5580000,0x00000000e3900000)
  from space 232960K, 66% used [0x00000000f1c80000,0x00000000fb3b2670,0x0000000100000000)
  to   space 232960K, 0% used [0x00000000e3900000,0x00000000e3900000,0x00000000f1c80000)
 ParOldGen       total 1072128K, used 937414K [0x0000000080000000, 0x00000000c1700000, 0x00000000d5580000)
  object space 1072128K, 87% used [0x0000000080000000,0x00000000b9371b70,0x00000000c1700000)
 Metaspace       used 6981K, capacity 7608K, committed 7936K, reserved 1056768K
  class space    used 637K, capacity 688K, committed 768K, reserved 1048576K
}
Event: 47.256 GC heap before
{Heap before GC invocations=37 (full 4):
 PSYoungGen      total 465920K, used 387785K [0x00000000d5580000, 0x0000000100000000, 0x0000000100000000)
  eden space 232960K, 100% used [0x00000000d5580000,0x00000000e3900000,0x00000000e3900000)
  from space 232960K, 66% used [0x00000000f1c80000,0x00000000fb3b2670,0x0000000100000000)
  to   space 232960K, 0% used [0x00000000e3900000,0x00000000e3900000,0x00000000f1c80000)
 ParOldGen       total 1072128K, used 937414K [0x0000000080000000, 0x00000000c1700000, 0x00000000d5580000)
  object space 1072128K, 87% used [0x0000000080000000,0x00000000b9371b70,0x00000000c1700000)
 Metaspace       used 6983K, capacity 7608K, committed 7936K, reserved 1056768K
  class space    used 637K, capacity 688K, committed 768K, reserved 1048576K

