# JRE version: Java(TM) SE Runtime Environment (8.0_102-b14) (build 1.8.0_102-b14)
# Java VM: Java HotSpot(TM) 64-Bit Server VM (25.102-b14 mixed mode linux-amd64 compressed oops)
Heap:
 PSYoungGen      total 424960K, used 120314K [0x00000000d5580000, 0x0000000100000000, 0x0000000100000000)
  eden space 304640K, 0% used [0x00000000d5580000,0x00000000d5580000,0x00000000e7f00000)
  from space 120320K, 99% used [0x00000000f8a80000,0x00000000ffffe840,0x0000000100000000)
  to   space 197120K, 0% used [0x00000000e7f00000,0x00000000e7f00000,0x00000000f3f80000)
 ParOldGen       total 336384K, used 289774K [0x0000000080000000, 0x0000000094880000, 0x00000000d5580000)
  object space 336384K, 86% used [0x0000000080000000,0x0000000091afba18,0x0000000094880000)
 Metaspace       used 6592K, capacity 7320K, committed 7680K, reserved 1056768K
  class space    used 616K, capacity 656K, committed 768K, reserved 1048576K
GC Heap History (10 events):
Event: 7.067 GC heap after
Heap after GC invocations=7 (full 0):
 PSYoungGen      total 568320K, used 59889K [0x00000000d5580000, 0x0000000100000000, 0x0000000100000000)
  eden space 508416K, 0% used [0x00000000d5580000,0x00000000d5580000,0x00000000f4600000)
  from space 59904K, 99% used [0x00000000f4600000,0x00000000f807c428,0x00000000f8080000)
  to   space 100864K, 0% used [0x00000000f9d80000,0x00000000f9d80000,0x0000000100000000)
 ParOldGen       total 171008K, used 145796K [0x0000000080000000, 0x000000008a700000, 0x00000000d5580000)
  object space 171008K, 85% used [0x0000000080000000,0x0000000088e611c0,0x000000008a700000)
 Metaspace       used 6526K, capacity 7256K, committed 7424K, reserved 1056768K
  class space    used 614K, capacity 656K, committed 768K, reserved 1048576K
}
Event: 7.067 GC heap before
{Heap before GC invocations=8 (full 1):
 PSYoungGen      total 568320K, used 59889K [0x00000000d5580000, 0x0000000100000000, 0x0000000100000000)
  eden space 508416K, 0% used [0x00000000d5580000,0x00000000d5580000,0x00000000f4600000)
  from space 59904K, 99% used [0x00000000f4600000,0x00000000f807c428,0x00000000f8080000)
  to   space 100864K, 0% used [0x00000000f9d80000,0x00000000f9d80000,0x0000000100000000)
 ParOldGen       total 171008K, used 145796K [0x0000000080000000, 0x000000008a700000, 0x00000000d5580000)
  object space 171008K, 85% used [0x0000000080000000,0x0000000088e611c0,0x000000008a700000)
 Metaspace       used 6526K, capacity 7256K, committed 7424K, reserved 1056768K
  class space    used 614K, capacity 656K, committed 768K, reserved 1048576K
Event: 8.710 GC heap after
Heap after GC invocations=8 (full 1):
 PSYoungGen      total 568320K, used 29617K [0x00000000d5580000, 0x0000000100000000, 0x0000000100000000)
  eden space 508416K, 0% used [0x00000000d5580000,0x00000000d5580000,0x00000000f4600000)
  from space 59904K, 49% used [0x00000000f4600000,0x00000000f62ec520,0x00000000f8080000)
  to   space 100864K, 0% used [0x00000000f9d80000,0x00000000f9d80000,0x0000000100000000)
 ParOldGen       total 336384K, used 170645K [0x0000000080000000, 0x0000000094880000, 0x00000000d5580000)
  object space 336384K, 50% used [0x0000000080000000,0x000000008a6a5658,0x0000000094880000)
 Metaspace       used 6526K, capacity 7256K, committed 7424K, reserved 1056768K
  class space    used 614K, capacity 656K, committed 768K, reserved 1048576K
}
Event: 10.679 GC heap before
{Heap before GC invocations=9 (full 1):
 PSYoungGen      total 568320K, used 538033K [0x00000000d5580000, 0x0000000100000000, 0x0000000100000000)
  eden space 508416K, 100% used [0x00000000d5580000,0x00000000f4600000,0x00000000f4600000)
  from space 59904K, 49% used [0x00000000f4600000,0x00000000f62ec520,0x00000000f8080000)
  to   space 100864K, 0% used [0x00000000f9d80000,0x00000000f9d80000,0x0000000100000000)
 ParOldGen       total 336384K, used 170645K [0x0000000080000000, 0x0000000094880000, 0x00000000d5580000)
  object space 336384K, 50% used [0x0000000080000000,0x000000008a6a5658,0x0000000094880000)
 Metaspace       used 6539K, capacity 7256K, committed 7424K, reserved 1056768K
  class space    used 614K, capacity 656K, committed 768K, reserved 1048576K
Event: 10.994 GC heap after
Heap after GC invocations=9 (full 1):
 PSYoungGen      total 559104K, used 100832K [0x00000000d5580000, 0x0000000100000000, 0x0000000100000000)
  eden space 458240K, 0% used [0x00000000d5580000,0x00000000d5580000,0x00000000f1500000)
  from space 100864K, 99% used [0x00000000f9d80000,0x00000000ffff8240,0x0000000100000000)
  to   space 120320K, 0% used [0x00000000f1500000,0x00000000f1500000,0x00000000f8a80000)
 ParOldGen       total 336384K, used 172640K [0x0000000080000000, 0x0000000094880000, 0x00000000d5580000)
  object space 336384K, 51% used [0x0000000080000000,0x000000008a898048,0x0000000094880000)
 Metaspace       used 6539K, capacity 7256K, committed 7424K, reserved 1056768K
  class space    used 614K, capacity 656K, committed 768K, reserved 1048576K
}
Event: 12.953 GC heap before
{Heap before GC invocations=10 (full 1):
 PSYoungGen      total 559104K, used 559072K [0x00000000d5580000, 0x0000000100000000, 0x0000000100000000)
  eden space 458240K, 100% used [0x00000000d5580000,0x00000000f1500000,0x00000000f1500000)
  from space 100864K, 99% used [0x00000000f9d80000,0x00000000ffff8240,0x0000000100000000)
  to   space 120320K, 0% used [0x00000000f1500000,0x00000000f1500000,0x00000000f8a80000)
 ParOldGen       total 336384K, used 172640K [0x0000000080000000, 0x0000000094880000, 0x00000000d5580000)
  object space 336384K, 51% used [0x0000000080000000,0x000000008a898048,0x0000000094880000)
 Metaspace       used 6587K, capacity 7320K, committed 7680K, reserved 1056768K
  class space    used 616K, capacity 656K, committed 768K, reserved 1048576K
Event: 13.263 GC heap after
Heap after GC invocations=10 (full 1):
 PSYoungGen      total 578560K, used 120309K [0x00000000d5580000, 0x0000000100000000, 0x0000000100000000)
  eden space 458240K, 0% used [0x00000000d5580000,0x00000000d5580000,0x00000000f1500000)
  from space 120320K, 99% used [0x00000000f1500000,0x00000000f8a7d418,0x00000000f8a80000)
  to   space 120320K, 0% used [0x00000000f8a80000,0x00000000f8a80000,0x0000000100000000)
 ParOldGen       total 336384K, used 222484K [0x0000000080000000, 0x0000000094880000, 0x00000000d5580000)
  object space 336384K, 66% used [0x0000000080000000,0x000000008d9452f8,0x0000000094880000)
 Metaspace       used 6587K, capacity 7320K, committed 7680K, reserved 1056768K
  class space    used 616K, capacity 656K, committed 768K, reserved 1048576K
}
Event: 14.883 GC heap before
{Heap before GC invocations=11 (full 1):
 PSYoungGen      total 578560K, used 578549K [0x00000000d5580000, 0x0000000100000000, 0x0000000100000000)
  eden space 458240K, 100% used [0x00000000d5580000,0x00000000f1500000,0x00000000f1500000)
  from space 120320K, 99% used [0x00000000f1500000,0x00000000f8a7d418,0x00000000f8a80000)
  to   space 120320K, 0% used [0x00000000f8a80000,0x00000000f8a80000,0x0000000100000000)
 ParOldGen       total 336384K, used 222484K [0x0000000080000000, 0x0000000094880000, 0x00000000d5580000)
  object space 336384K, 66% used [0x0000000080000000,0x000000008d9452f8,0x0000000094880000)
 Metaspace       used 6592K, capacity 7320K, committed 7680K, reserved 1056768K
  class space    used 616K, capacity 656K, committed 768K, reserved 1048576K
Event: 15.174 GC heap after
Heap after GC invocations=11 (full 1):
 PSYoungGen      total 424960K, used 120314K [0x00000000d5580000, 0x0000000100000000, 0x0000000100000000)
  eden space 304640K, 0% used [0x00000000d5580000,0x00000000d5580000,0x00000000e7f00000)
  from space 120320K, 99% used [0x00000000f8a80000,0x00000000ffffe840,0x0000000100000000)
  to   space 197120K, 0% used [0x00000000e7f00000,0x00000000e7f00000,0x00000000f3f80000)
 ParOldGen       total 336384K, used 289774K [0x0000000080000000, 0x0000000094880000, 0x00000000d5580000)
  object space 336384K, 86% used [0x0000000080000000,0x0000000091afba18,0x0000000094880000)
 Metaspace       used 6592K, capacity 7320K, committed 7680K, reserved 1056768K
  class space    used 616K, capacity 656K, committed 768K, reserved 1048576K
}
Event: 15.174 GC heap before
{Heap before GC invocations=12 (full 2):
 PSYoungGen      total 424960K, used 120314K [0x00000000d5580000, 0x0000000100000000, 0x0000000100000000)
  eden space 304640K, 0% used [0x00000000d5580000,0x00000000d5580000,0x00000000e7f00000)
  from space 120320K, 99% used [0x00000000f8a80000,0x00000000ffffe840,0x0000000100000000)
  to   space 197120K, 0% used [0x00000000e7f00000,0x00000000e7f00000,0x00000000f3f80000)
 ParOldGen       total 336384K, used 289774K [0x0000000080000000, 0x0000000094880000, 0x00000000d5580000)
  object space 336384K, 86% used [0x0000000080000000,0x0000000091afba18,0x0000000094880000)
 Metaspace       used 6592K, capacity 7320K, committed 7680K, reserved 1056768K
  class space    used 616K, capacity 656K, committed 768K, reserved 1048576K

