# JRE version: Java(TM) SE Runtime Environment (8.0_102-b14) (build 1.8.0_102-b14)
# Java VM: Java HotSpot(TM) 64-Bit Server VM (25.102-b14 mixed mode linux-amd64 compressed oops)
Heap:
 PSYoungGen      total 425984K, used 119293K [0x00000000d5580000, 0x0000000100000000, 0x0000000100000000)
  eden space 306688K, 0% used [0x00000000d5580000,0x00000000d5580000,0x00000000e8100000)
  from space 119296K, 99% used [0x00000000f8b80000,0x00000000fffff4f8,0x0000000100000000)
  to   space 196096K, 0% used [0x00000000e8100000,0x00000000e8100000,0x00000000f4080000)
 ParOldGen       total 340480K, used 289536K [0x0000000080000000, 0x0000000094c80000, 0x00000000d5580000)
  object space 340480K, 85% used [0x0000000080000000,0x0000000091ac0020,0x0000000094c80000)
 Metaspace       used 6587K, capacity 7320K, committed 7680K, reserved 1056768K
  class space    used 616K, capacity 656K, committed 768K, reserved 1048576K
GC Heap History (10 events):
Event: 6.429 GC heap after
Heap after GC invocations=7 (full 0):
 PSYoungGen      total 567808K, used 59899K [0x00000000d5580000, 0x0000000100000000, 0x0000000100000000)
  eden space 507904K, 0% used [0x00000000d5580000,0x00000000d5580000,0x00000000f4580000)
  from space 59904K, 99% used [0x00000000f4580000,0x00000000f7ffedf0,0x00000000f8000000)
  to   space 100864K, 0% used [0x00000000f9d80000,0x00000000f9d80000,0x0000000100000000)
 ParOldGen       total 171008K, used 144801K [0x0000000080000000, 0x000000008a700000, 0x00000000d5580000)
  object space 171008K, 84% used [0x0000000080000000,0x0000000088d68770,0x000000008a700000)
 Metaspace       used 6518K, capacity 7256K, committed 7424K, reserved 1056768K
  class space    used 614K, capacity 656K, committed 768K, reserved 1048576K
}
Event: 6.429 GC heap before
{Heap before GC invocations=8 (full 1):
 PSYoungGen      total 567808K, used 59899K [0x00000000d5580000, 0x0000000100000000, 0x0000000100000000)
  eden space 507904K, 0% used [0x00000000d5580000,0x00000000d5580000,0x00000000f4580000)
  from space 59904K, 99% used [0x00000000f4580000,0x00000000f7ffedf0,0x00000000f8000000)
  to   space 100864K, 0% used [0x00000000f9d80000,0x00000000f9d80000,0x0000000100000000)
 ParOldGen       total 171008K, used 144801K [0x0000000080000000, 0x000000008a700000, 0x00000000d5580000)
  object space 171008K, 84% used [0x0000000080000000,0x0000000088d68770,0x000000008a700000)
 Metaspace       used 6518K, capacity 7256K, committed 7424K, reserved 1056768K
  class space    used 614K, capacity 656K, committed 768K, reserved 1048576K
Event: 8.034 GC heap after
Heap after GC invocations=8 (full 1):
 PSYoungGen      total 567808K, used 29050K [0x00000000d5580000, 0x0000000100000000, 0x0000000100000000)
  eden space 507904K, 0% used [0x00000000d5580000,0x00000000d5580000,0x00000000f4580000)
  from space 59904K, 48% used [0x00000000f4580000,0x00000000f61dead0,0x00000000f8000000)
  to   space 100864K, 0% used [0x00000000f9d80000,0x00000000f9d80000,0x0000000100000000)
 ParOldGen       total 340480K, used 170503K [0x0000000080000000, 0x0000000094c80000, 0x00000000d5580000)
  object space 340480K, 50% used [0x0000000080000000,0x000000008a681d20,0x0000000094c80000)
 Metaspace       used 6518K, capacity 7256K, committed 7424K, reserved 1056768K
  class space    used 614K, capacity 656K, committed 768K, reserved 1048576K
}
Event: 9.705 GC heap before
{Heap before GC invocations=9 (full 1):
 PSYoungGen      total 567808K, used 536954K [0x00000000d5580000, 0x0000000100000000, 0x0000000100000000)
  eden space 507904K, 100% used [0x00000000d5580000,0x00000000f4580000,0x00000000f4580000)
  from space 59904K, 48% used [0x00000000f4580000,0x00000000f61dead0,0x00000000f8000000)
  to   space 100864K, 0% used [0x00000000f9d80000,0x00000000f9d80000,0x0000000100000000)
 ParOldGen       total 340480K, used 170503K [0x0000000080000000, 0x0000000094c80000, 0x00000000d5580000)
  object space 340480K, 50% used [0x0000000080000000,0x000000008a681d20,0x0000000094c80000)
 Metaspace       used 6532K, capacity 7256K, committed 7424K, reserved 1056768K
  class space    used 614K, capacity 656K, committed 768K, reserved 1048576K
Event: 9.890 GC heap after
Heap after GC invocations=9 (full 1):
 PSYoungGen      total 561152K, used 100860K [0x00000000d5580000, 0x0000000100000000, 0x0000000100000000)
  eden space 460288K, 0% used [0x00000000d5580000,0x00000000d5580000,0x00000000f1700000)
  from space 100864K, 99% used [0x00000000f9d80000,0x00000000fffff0e8,0x0000000100000000)
  to   space 119296K, 0% used [0x00000000f1700000,0x00000000f1700000,0x00000000f8b80000)
 ParOldGen       total 340480K, used 171126K [0x0000000080000000, 0x0000000094c80000, 0x00000000d5580000)
  object space 340480K, 50% used [0x0000000080000000,0x000000008a71d878,0x0000000094c80000)
 Metaspace       used 6532K, capacity 7256K, committed 7424K, reserved 1056768K
  class space    used 614K, capacity 656K, committed 768K, reserved 1048576K
}
Event: 11.641 GC heap before
{Heap before GC invocations=10 (full 1):
 PSYoungGen      total 561152K, used 561148K [0x00000000d5580000, 0x0000000100000000, 0x0000000100000000)
  eden space 460288K, 100% used [0x00000000d5580000,0x00000000f1700000,0x00000000f1700000)
  from space 100864K, 99% used [0x00000000f9d80000,0x00000000fffff0e8,0x0000000100000000)
  to   space 119296K, 0% used [0x00000000f1700000,0x00000000f1700000,0x00000000f8b80000)
 ParOldGen       total 340480K, used 171126K [0x0000000080000000, 0x0000000094c80000, 0x00000000d5580000)
  object space 340480K, 50% used [0x0000000080000000,0x000000008a71d878,0x0000000094c80000)
 Metaspace       used 6581K, capacity 7320K, committed 7680K, reserved 1056768K
  class space    used 616K, capacity 656K, committed 768K, reserved 1048576K
Event: 11.839 GC heap after
Heap after GC invocations=10 (full 1):
 PSYoungGen      total 579584K, used 119285K [0x00000000d5580000, 0x0000000100000000, 0x0000000100000000)
  eden space 460288K, 0% used [0x00000000d5580000,0x00000000d5580000,0x00000000f1700000)
  from space 119296K, 99% used [0x00000000f1700000,0x00000000f8b7d4d0,0x00000000f8b80000)
  to   space 119296K, 0% used [0x00000000f8b80000,0x00000000f8b80000,0x0000000100000000)
 ParOldGen       total 340480K, used 221130K [0x0000000080000000, 0x0000000094c80000, 0x00000000d5580000)
  object space 340480K, 64% used [0x0000000080000000,0x000000008d7f2ba8,0x0000000094c80000)
 Metaspace       used 6581K, capacity 7320K, committed 7680K, reserved 1056768K
  class space    used 616K, capacity 656K, committed 768K, reserved 1048576K
}
Event: 13.177 GC heap before
{Heap before GC invocations=11 (full 1):
 PSYoungGen      total 579584K, used 579573K [0x00000000d5580000, 0x0000000100000000, 0x0000000100000000)
  eden space 460288K, 100% used [0x00000000d5580000,0x00000000f1700000,0x00000000f1700000)
  from space 119296K, 99% used [0x00000000f1700000,0x00000000f8b7d4d0,0x00000000f8b80000)
  to   space 119296K, 0% used [0x00000000f8b80000,0x00000000f8b80000,0x0000000100000000)
 ParOldGen       total 340480K, used 221130K [0x0000000080000000, 0x0000000094c80000, 0x00000000d5580000)
  object space 340480K, 64% used [0x0000000080000000,0x000000008d7f2ba8,0x0000000094c80000)
 Metaspace       used 6587K, capacity 7320K, committed 7680K, reserved 1056768K
  class space    used 616K, capacity 656K, committed 768K, reserved 1048576K
Event: 13.390 GC heap after
Heap after GC invocations=11 (full 1):
 PSYoungGen      total 425984K, used 119293K [0x00000000d5580000, 0x0000000100000000, 0x0000000100000000)
  eden space 306688K, 0% used [0x00000000d5580000,0x00000000d5580000,0x00000000e8100000)
  from space 119296K, 99% used [0x00000000f8b80000,0x00000000fffff4f8,0x0000000100000000)
  to   space 196096K, 0% used [0x00000000e8100000,0x00000000e8100000,0x00000000f4080000)
 ParOldGen       total 340480K, used 289536K [0x0000000080000000, 0x0000000094c80000, 0x00000000d5580000)
  object space 340480K, 85% used [0x0000000080000000,0x0000000091ac0020,0x0000000094c80000)
 Metaspace       used 6587K, capacity 7320K, committed 7680K, reserved 1056768K
  class space    used 616K, capacity 656K, committed 768K, reserved 1048576K
}
Event: 13.390 GC heap before
{Heap before GC invocations=12 (full 2):
 PSYoungGen      total 425984K, used 119293K [0x00000000d5580000, 0x0000000100000000, 0x0000000100000000)
  eden space 306688K, 0% used [0x00000000d5580000,0x00000000d5580000,0x00000000e8100000)
  from space 119296K, 99% used [0x00000000f8b80000,0x00000000fffff4f8,0x0000000100000000)
  to   space 196096K, 0% used [0x00000000e8100000,0x00000000e8100000,0x00000000f4080000)
 ParOldGen       total 340480K, used 289536K [0x0000000080000000, 0x0000000094c80000, 0x00000000d5580000)
  object space 340480K, 85% used [0x0000000080000000,0x0000000091ac0020,0x0000000094c80000)
 Metaspace       used 6587K, capacity 7320K, committed 7680K, reserved 1056768K
  class space    used 616K, capacity 656K, committed 768K, reserved 1048576K

