# JRE version: Java(TM) SE Runtime Environment (8.0_102-b14) (build 1.8.0_102-b14)
# Java VM: Java HotSpot(TM) 64-Bit Server VM (25.102-b14 mixed mode linux-amd64 compressed oops)
Heap:
 PSYoungGen      total 567808K, used 60389K [0x00000000d5580000, 0x0000000100000000, 0x0000000100000000)
  eden space 507392K, 0% used [0x00000000d5580000,0x00000000d5580000,0x00000000f4500000)
  from space 60416K, 99% used [0x00000000f4500000,0x00000000f7ff9648,0x00000000f8000000)
  to   space 102912K, 0% used [0x00000000f9b80000,0x00000000f9b80000,0x0000000100000000)
 ParOldGen       total 171008K, used 147923K [0x0000000080000000, 0x000000008a700000, 0x00000000d5580000)
  object space 171008K, 86% used [0x0000000080000000,0x0000000089074c08,0x000000008a700000)
 Metaspace       used 6528K, capacity 7256K, committed 7424K, reserved 1056768K
  class space    used 614K, capacity 656K, committed 768K, reserved 1048576K
GC Heap History (10 events):
Event: 2.136 GC heap after
Heap after GC invocations=3 (full 0):
 PSYoungGen      total 139264K, used 10232K [0x00000000d5580000, 0x00000000e6580000, 0x0000000100000000)
  eden space 129024K, 0% used [0x00000000d5580000,0x00000000d5580000,0x00000000dd380000)
  from space 10240K, 99% used [0x00000000dd380000,0x00000000ddd7e220,0x00000000ddd80000)
  to   space 10240K, 0% used [0x00000000e5b80000,0x00000000e5b80000,0x00000000e6580000)
 ParOldGen       total 171008K, used 26428K [0x0000000080000000, 0x000000008a700000, 0x00000000d5580000)
  object space 171008K, 15% used [0x0000000080000000,0x00000000819cf330,0x000000008a700000)
 Metaspace       used 6193K, capacity 7128K, committed 7424K, reserved 1056768K
  class space    used 610K, capacity 656K, committed 768K, reserved 1048576K
}
Event: 2.558 GC heap before
{Heap before GC invocations=4 (full 0):
 PSYoungGen      total 139264K, used 139256K [0x00000000d5580000, 0x00000000e6580000, 0x0000000100000000)
  eden space 129024K, 100% used [0x00000000d5580000,0x00000000dd380000,0x00000000dd380000)
  from space 10240K, 99% used [0x00000000dd380000,0x00000000ddd7e220,0x00000000ddd80000)
  to   space 10240K, 0% used [0x00000000e5b80000,0x00000000e5b80000,0x00000000e6580000)
 ParOldGen       total 171008K, used 26428K [0x0000000080000000, 0x000000008a700000, 0x00000000d5580000)
  object space 171008K, 15% used [0x0000000080000000,0x00000000819cf330,0x000000008a700000)
 Metaspace       used 6313K, capacity 7192K, committed 7424K, reserved 1056768K
  class space    used 610K, capacity 656K, committed 768K, reserved 1048576K
Event: 2.608 GC heap after
Heap after GC invocations=4 (full 0):
 PSYoungGen      total 268288K, used 10214K [0x00000000d5580000, 0x00000000e6580000, 0x0000000100000000)
  eden space 258048K, 0% used [0x00000000d5580000,0x00000000d5580000,0x00000000e5180000)
  from space 10240K, 99% used [0x00000000e5b80000,0x00000000e6579a50,0x00000000e6580000)
  to   space 10240K, 0% used [0x00000000e5180000,0x00000000e5180000,0x00000000e5b80000)
 ParOldGen       total 171008K, used 46120K [0x0000000080000000, 0x000000008a700000, 0x00000000d5580000)
  object space 171008K, 26% used [0x0000000080000000,0x0000000082d0a000,0x000000008a700000)
 Metaspace       used 6313K, capacity 7192K, committed 7424K, reserved 1056768K
  class space    used 610K, capacity 656K, committed 768K, reserved 1048576K
}
Event: 3.459 GC heap before
{Heap before GC invocations=5 (full 0):
 PSYoungGen      total 268288K, used 268262K [0x00000000d5580000, 0x00000000e6580000, 0x0000000100000000)
  eden space 258048K, 100% used [0x00000000d5580000,0x00000000e5180000,0x00000000e5180000)
  from space 10240K, 99% used [0x00000000e5b80000,0x00000000e6579a50,0x00000000e6580000)
  to   space 10240K, 0% used [0x00000000e5180000,0x00000000e5180000,0x00000000e5b80000)
 ParOldGen       total 171008K, used 46120K [0x0000000080000000, 0x000000008a700000, 0x00000000d5580000)
  object space 171008K, 26% used [0x0000000080000000,0x0000000082d0a000,0x000000008a700000)
 Metaspace       used 6437K, capacity 7256K, committed 7424K, reserved 1056768K
  class space    used 610K, capacity 656K, committed 768K, reserved 1048576K
Event: 3.536 GC heap after
Heap after GC invocations=5 (full 0):
 PSYoungGen      total 268288K, used 10228K [0x00000000d5580000, 0x00000000fb280000, 0x0000000100000000)
  eden space 258048K, 0% used [0x00000000d5580000,0x00000000d5580000,0x00000000e5180000)
  from space 10240K, 99% used [0x00000000e5180000,0x00000000e5b7d2e0,0x00000000e5b80000)
  to   space 51712K, 0% used [0x00000000f8000000,0x00000000f8000000,0x00000000fb280000)
 ParOldGen       total 171008K, used 84371K [0x0000000080000000, 0x000000008a700000, 0x00000000d5580000)
  object space 171008K, 49% used [0x0000000080000000,0x0000000085264d20,0x000000008a700000)
 Metaspace       used 6437K, capacity 7256K, committed 7424K, reserved 1056768K
  class space    used 610K, capacity 656K, committed 768K, reserved 1048576K
}
Event: 4.448 GC heap before
{Heap before GC invocations=6 (full 0):
 PSYoungGen      total 268288K, used 268276K [0x00000000d5580000, 0x00000000fb280000, 0x0000000100000000)
  eden space 258048K, 100% used [0x00000000d5580000,0x00000000e5180000,0x00000000e5180000)
  from space 10240K, 99% used [0x00000000e5180000,0x00000000e5b7d2e0,0x00000000e5b80000)
  to   space 51712K, 0% used [0x00000000f8000000,0x00000000f8000000,0x00000000fb280000)
 ParOldGen       total 171008K, used 84371K [0x0000000080000000, 0x000000008a700000, 0x00000000d5580000)
  object space 171008K, 49% used [0x0000000080000000,0x0000000085264d20,0x000000008a700000)
 Metaspace       used 6460K, capacity 7256K, committed 7424K, reserved 1056768K
  class space    used 610K, capacity 656K, committed 768K, reserved 1048576K
Event: 4.575 GC heap after
Heap after GC invocations=6 (full 0):
 PSYoungGen      total 559104K, used 49180K [0x00000000d5580000, 0x00000000fc380000, 0x0000000100000000)
  eden space 507392K, 0% used [0x00000000d5580000,0x00000000d5580000,0x00000000f4500000)
  from space 51712K, 95% used [0x00000000f8000000,0x00000000fb0071b0,0x00000000fb280000)
  to   space 60416K, 0% used [0x00000000f4500000,0x00000000f4500000,0x00000000f8000000)
 ParOldGen       total 171008K, used 84371K [0x0000000080000000, 0x000000008a700000, 0x00000000d5580000)
  object space 171008K, 49% used [0x0000000080000000,0x0000000085264d20,0x000000008a700000)
 Metaspace       used 6460K, capacity 7256K, committed 7424K, reserved 1056768K
  class space    used 610K, capacity 656K, committed 768K, reserved 1048576K
}
Event: 6.164 GC heap before
{Heap before GC invocations=7 (full 0):
 PSYoungGen      total 559104K, used 556572K [0x00000000d5580000, 0x00000000fc380000, 0x0000000100000000)
  eden space 507392K, 100% used [0x00000000d5580000,0x00000000f4500000,0x00000000f4500000)
  from space 51712K, 95% used [0x00000000f8000000,0x00000000fb0071b0,0x00000000fb280000)
  to   space 60416K, 0% used [0x00000000f4500000,0x00000000f4500000,0x00000000f8000000)
 ParOldGen       total 171008K, used 84371K [0x0000000080000000, 0x000000008a700000, 0x00000000d5580000)
  object space 171008K, 49% used [0x0000000080000000,0x0000000085264d20,0x000000008a700000)
 Metaspace       used 6528K, capacity 7256K, committed 7424K, reserved 1056768K
  class space    used 614K, capacity 656K, committed 768K, reserved 1048576K
Event: 6.375 GC heap after
Heap after GC invocations=7 (full 0):
 PSYoungGen      total 567808K, used 60389K [0x00000000d5580000, 0x0000000100000000, 0x0000000100000000)
  eden space 507392K, 0% used [0x00000000d5580000,0x00000000d5580000,0x00000000f4500000)
  from space 60416K, 99% used [0x00000000f4500000,0x00000000f7ff9648,0x00000000f8000000)
  to   space 102912K, 0% used [0x00000000f9b80000,0x00000000f9b80000,0x0000000100000000)
 ParOldGen       total 171008K, used 147923K [0x0000000080000000, 0x000000008a700000, 0x00000000d5580000)
  object space 171008K, 86% used [0x0000000080000000,0x0000000089074c08,0x000000008a700000)
 Metaspace       used 6528K, capacity 7256K, committed 7424K, reserved 1056768K
  class space    used 614K, capacity 656K, committed 768K, reserved 1048576K
}
Event: 6.375 GC heap before
{Heap before GC invocations=8 (full 1):
 PSYoungGen      total 567808K, used 60389K [0x00000000d5580000, 0x0000000100000000, 0x0000000100000000)
  eden space 507392K, 0% used [0x00000000d5580000,0x00000000d5580000,0x00000000f4500000)
  from space 60416K, 99% used [0x00000000f4500000,0x00000000f7ff9648,0x00000000f8000000)
  to   space 102912K, 0% used [0x00000000f9b80000,0x00000000f9b80000,0x0000000100000000)
 ParOldGen       total 171008K, used 147923K [0x0000000080000000, 0x000000008a700000, 0x00000000d5580000)
  object space 171008K, 86% used [0x0000000080000000,0x0000000089074c08,0x000000008a700000)
 Metaspace       used 6528K, capacity 7256K, committed 7424K, reserved 1056768K
  class space    used 614K, capacity 656K, committed 768K, reserved 1048576K

